
> frontend-premium@1.0.0 dev
> vite


  [32m[1mVITE[22m v5.4.20[39m  [2mready in [0m[1m455[22m[2m[0m ms[22m

  [32m➜[39m  [1mLocal[22m:   [36mhttp://localhost:[1m5173[22m/[39m
[2m  [32m➜[39m  [1mNetwork[22m[2m: use [22m[1m--host[22m[2m to expose[22m
[2m[32m  ➜[39m[22m[2m  press [22m[1mh + enter[22m[2m to show help[22m
^C^C
> frontend-premium@1.0.0 dev
> vite


  [32m[1mVITE[22m v5.4.20[39m  [2mready in [0m[1m400[22m[2m[0m ms[22m

  [32m➜[39m  [1mLocal[22m:   [36mhttp://localhost:[1m5173[22m/[39m
[2m  [32m➜[39m  [1mNetwork[22m[2m: use [22m[1m--host[22m[2m to expose[22m
[2m[32m  ➜[39m[22m[2m  press [22m[1mh + enter[22m[2m to show help[22m
^C^C
> frontend-premium@1.0.0 dev
> vite


  [32m[1mVITE[22m v5.4.20[39m  [2mready in [0m[1m394[22m[2m[0m ms[22m

  [32m➜[39m  [1mLocal[22m:   [36mhttp://localhost:[1m5173[22m/[39m
[2m  [32m➜[39m  [1mNetwork[22m[2m: use [22m[1m--host[22m[2m to expose[22m
[2m[32m  ➜[39m[22m[2m  press [22m[1mh + enter[22m[2m to show help[22m
[2m13:13:20[22m [36m[1m[vite][22m[39m [32mhmr update [39m[2m/src/components/AuthContext.jsx, /src/index.css[22m
[2m13:13:20[22m [36m[1m[vite][22m[39m [33mhmr invalidate [39m[2m/src/components/AuthContext.jsx[22m Could not Fast Refresh (export removed)
[2m13:13:20[22m [36m[1m[vite][22m[39m [32mhmr update [39m[2m/src/App.jsx, /src/index.css, /src/pages/Register.jsx, /src/pages/Login.jsx, /src/pages/Dashboard.jsx, /src/components/Navbar.jsx[22m
^C^C
> frontend-premium@1.0.0 dev
> vite


  [32m[1mVITE[22m v5.4.20[39m  [2mready in [0m[1m383[22m[2m[0m ms[22m

  [32m➜[39m  [1mLocal[22m:   [36mhttp://localhost:[1m5173[22m/[39m
[2m  [32m➜[39m  [1mNetwork[22m[2m: use [22m[1m--host[22m[2m to expose[22m
[2m[32m  ➜[39m[22m[2m  press [22m[1mh + enter[22m[2m to show help[22m
^C^C
> frontend-premium@1.0.0 dev
> vite


  [32m[1mVITE[22m v5.4.20[39m  [2mready in [0m[1m386[22m[2m[0m ms[22m

  [32m➜[39m  [1mLocal[22m:   [36mhttp://localhost:[1m5173[22m/[39m
[2m  [32m➜[39m  [1mNetwork[22m[2m: use [22m[1m--host[22m[2m to expose[22m
[2m[32m  ➜[39m[22m[2m  press [22m[1mh + enter[22m[2m to show help[22m
^C^C